<?xml version="1.0" encoding="UTF-8"?>
<!-- Generated by org.testng.reporters.JUnitXMLReporter -->
<testsuite ignored="2" hostname="CFLNAVALUR4709" failures="1" tests="2" name="Test" time="12.188" errors="0" timestamp="2023-11-27T15:38:32 IST">
  <testcase classname="Sausedemo.CapstoneSause.TC_Login" name="Tesst1" time="12.036"/>
  <testcase classname="Sausedemo.CapstoneSause.Tc_Negitive_Login" name="Negitive_Test" time="0.009">
    <failure type="java.lang.NullPointerException" message="Cannot invoke &amp;quot;org.openqa.selenium.WebDriver.findElement(org.openqa.selenium.By)&amp;quot; because &amp;quot;this.driver&amp;quot; is null">
      <![CDATA[java.lang.NullPointerException: Cannot invoke "org.openqa.selenium.WebDriver.findElement(org.openqa.selenium.By)" because "this.driver" is null
at com.sause.demo.pages.negitiveLogin.setUser(negitiveLogin.java:16)
at Sausedemo.CapstoneSause.Tc_Negitive_Login.Negitive_Test(Tc_Negitive_Login.java:11)
at java.base/java.util.ArrayList.forEach(ArrayList.java:1511)
... Removed 27 stack frames]]>
    </failure>
  </testcase> <!-- Negitive_Test -->
  <testcase classname="Sausedemo.CapstoneSause.BaseClass" name="@BeforeSuite setup" time="0.0">
    <ignored/>
  </testcase> <!-- @BeforeSuite setup -->
  <testcase classname="Sausedemo.CapstoneSause.BaseClass" name="@AfterSuite teardown" time="0.0">
    <ignored/>
  </testcase> <!-- @AfterSuite teardown -->
</testsuite> <!-- Test -->
